<?xml version="1.0" encoding="UTF-8"?>
<testsuite xmlns:xsi="http://www.w3.org/2001/XMLSchema-instance" xsi:noNamespaceSchemaLocation="https://maven.apache.org/surefire/maven-surefire-plugin/xsd/surefire-test-report-3.0.xsd" version="3.0" name="com.zipcode.jpaentity.services.UserServiceTest" time="4.049" tests="5" errors="1" skipped="0" failures="2">
  <properties>
[...]
</properties>
  <testcase name="testFindAll" classname="com.zipcode.jpaentity.services.UserServiceTest" time="0.605">
    <system-out><![CDATA[Hibernate: 
    select
        u1_0.id,
        u1_0.age,
        u1_0.first_name,
        u1_0.last_name,
        u1_0.relation 
    from
        Users u1_0
]]></system-out>
    <system-err><![CDATA[Mar 16, 2026 2:49:57 AM org.hibernate.jpa.internal.util.LogHelper logPersistenceUnitInformation
INFO: HHH000204: Processing PersistenceUnitInfo [name: lab-persistence-unit]
Mar 16, 2026 2:49:57 AM org.hibernate.Version logVersion
INFO: HHH000412: Hibernate ORM core version 6.5.2.Final
Mar 16, 2026 2:49:57 AM org.hibernate.cache.internal.RegionFactoryInitiator initiateService
INFO: HHH000026: Second-level cache disabled
Mar 16, 2026 2:49:58 AM org.hibernate.engine.jdbc.connections.internal.DriverManagerConnectionProviderImpl configure
WARN: HHH10001002: Using built-in connection pool (not intended for production use)
Mar 16, 2026 2:49:58 AM org.hibernate.engine.jdbc.connections.internal.DriverManagerConnectionProviderImpl buildCreator
INFO: HHH10001005: Loaded JDBC driver class: com.mysql.cj.jdbc.Driver
Mar 16, 2026 2:49:58 AM org.hibernate.engine.jdbc.connections.internal.DriverManagerConnectionProviderImpl buildCreator
INFO: HHH10001012: Connecting with JDBC URL [jdbc:mysql://localhost:3306/JpaEntity]
Mar 16, 2026 2:49:58 AM org.hibernate.engine.jdbc.connections.internal.DriverManagerConnectionProviderImpl buildCreator
INFO: HHH10001001: Connection properties: {user=dan, password=****}
Mar 16, 2026 2:49:58 AM org.hibernate.engine.jdbc.connections.internal.DriverManagerConnectionProviderImpl buildCreator
INFO: HHH10001003: Autocommit mode: false
Mar 16, 2026 2:49:58 AM org.hibernate.engine.jdbc.connections.internal.DriverManagerConnectionProviderImpl$PooledConnections <init>
INFO: HHH10001115: Connection pool size: 20 (min=1)
Mar 16, 2026 2:49:58 AM org.hibernate.engine.jdbc.dialect.internal.DialectFactoryImpl constructDialect
WARN: HHH90000025: MySQLDialect does not need to be specified explicitly using 'hibernate.dialect' (remove the property setting and it will be selected by default)
Mar 16, 2026 2:50:00 AM org.hibernate.engine.transaction.jta.platform.internal.JtaPlatformInitiator initiateService
INFO: HHH000489: No JTA platform available (set 'hibernate.transaction.jta.platform' to enable JTA platform integration)
]]></system-err>
  </testcase>
  <testcase name="testUpdateUser" classname="com.zipcode.jpaentity.services.UserServiceTest" time="0.034">
    <error message="Cannot invoke &quot;com.zipcode.jpaentity.entities.User.getFirstName()&quot; because &quot;updatedUser&quot; is null" type="java.lang.NullPointerException"><![CDATA[java.lang.NullPointerException: Cannot invoke "com.zipcode.jpaentity.entities.User.getFirstName()" because "updatedUser" is null
	at com.zipcode.jpaentity.services.UserServiceTest.testUpdateUser(UserServiceTest.java:96)
	at java.base/java.lang.reflect.Method.invoke(Method.java:565)
	at java.base/java.util.ArrayList.forEach(ArrayList.java:1604)
	at java.base/java.util.ArrayList.forEach(ArrayList.java:1604)
]]></error>
    <system-out><![CDATA[Hibernate: 
    select
        u1_0.id,
        u1_0.age,
        u1_0.first_name,
        u1_0.last_name,
        u1_0.relation 
    from
        Users u1_0 
    where
        u1_0.id=?
]]></system-out>
  </testcase>
  <testcase name="testFindById" classname="com.zipcode.jpaentity.services.UserServiceTest" time="0.017">
    <failure message="expected: not &lt;null&gt;" type="org.opentest4j.AssertionFailedError"><![CDATA[org.opentest4j.AssertionFailedError: expected: not <null>
	at org.junit.jupiter.api.AssertionFailureBuilder.build(AssertionFailureBuilder.java:152)
	at org.junit.jupiter.api.AssertionFailureBuilder.buildAndThrow(AssertionFailureBuilder.java:132)
	at org.junit.jupiter.api.AssertNotNull.failNull(AssertNotNull.java:49)
	at org.junit.jupiter.api.AssertNotNull.assertNotNull(AssertNotNull.java:35)
	at org.junit.jupiter.api.AssertNotNull.assertNotNull(AssertNotNull.java:30)
	at org.junit.jupiter.api.Assertions.assertNotNull(Assertions.java:304)
	at com.zipcode.jpaentity.services.UserServiceTest.testFindById(UserServiceTest.java:70)
	at java.base/java.lang.reflect.Method.invoke(Method.java:565)
	at java.base/java.util.ArrayList.forEach(ArrayList.java:1604)
	at java.base/java.util.ArrayList.forEach(ArrayList.java:1604)
]]></failure>
    <system-out><![CDATA[Hibernate: 
    select
        u1_0.id,
        u1_0.age,
        u1_0.first_name,
        u1_0.last_name,
        u1_0.relation 
    from
        Users u1_0 
    where
        u1_0.id=?
]]></system-out>
  </testcase>
  <testcase name="testCreateUser" classname="com.zipcode.jpaentity.services.UserServiceTest" time="0.007">
    <failure message="expected: &lt;true&gt; but was: &lt;false&gt;" type="org.opentest4j.AssertionFailedError"><![CDATA[org.opentest4j.AssertionFailedError: expected: <true> but was: <false>
	at org.junit.jupiter.api.AssertionFailureBuilder.build(AssertionFailureBuilder.java:151)
	at org.junit.jupiter.api.AssertionFailureBuilder.buildAndThrow(AssertionFailureBuilder.java:132)
	at org.junit.jupiter.api.AssertTrue.failNotTrue(AssertTrue.java:63)
	at org.junit.jupiter.api.AssertTrue.assertTrue(AssertTrue.java:36)
	at org.junit.jupiter.api.AssertTrue.assertTrue(AssertTrue.java:31)
	at org.junit.jupiter.api.Assertions.assertTrue(Assertions.java:183)
	at com.zipcode.jpaentity.services.UserServiceTest.testCreateUser(UserServiceTest.java:55)
	at java.base/java.lang.reflect.Method.invoke(Method.java:565)
	at java.base/java.util.ArrayList.forEach(ArrayList.java:1604)
	at java.base/java.util.ArrayList.forEach(ArrayList.java:1604)
]]></failure>
  </testcase>
  <testcase name="testDeleteUser" classname="com.zipcode.jpaentity.services.UserServiceTest" time="0.015">
    <system-out><![CDATA[Hibernate: 
    select
        u1_0.id,
        u1_0.age,
        u1_0.first_name,
        u1_0.last_name,
        u1_0.relation 
    from
        Users u1_0 
    where
        u1_0.id=?
]]></system-out>
  </testcase>
</testsuite>